The system is: Windows - 10.0.18363 - AMD64
Compiling the C compiler identification source file "CMakeCCompilerId.c" succeeded.
Compiler: C:/Program Files (x86)/Microsoft Visual Studio/2019/Community/VC/Tools/MSVC/14.25.28610/bin/Hostx64/x64/cl.exe 
Build flags: 
Id flags:  

The output was:
0
Microsoft (R) C/C++ Optimizing Compiler Version 19.25.28610.4 for x64
Copyright (C) Microsoft Corporation.  All rights reserved.

CMakeCCompilerId.c
Microsoft (R) Incremental Linker Version 14.25.28610.4
Copyright (C) Microsoft Corporation.  All rights reserved.

/out:CMakeCCompilerId.exe 
CMakeCCompilerId.obj 


Compilation of the C compiler identification source "CMakeCCompilerId.c" produced "CMakeCCompilerId.exe"

Compilation of the C compiler identification source "CMakeCCompilerId.c" produced "CMakeCCompilerId.obj"

The C compiler identification is MSVC, found in "E:/tools/vscodium-portable/data/appdata/BiFu/BiiiSerial/lib/src/native/c/build/CMakeFiles/3.17.3/CompilerIdC/CMakeCCompilerId.exe"

Determining if the C compiler works passed with the following output:
Change Dir: E:/tools/vscodium-portable/data/appdata/BiFu/BiiiSerial/lib/src/native/c/build/CMakeFiles/CMakeTmp

Run Build Command(s):C:/MinGW/bin/mingw32-make.exe cmTC_d7140/fast && C:/MinGW/bin/mingw32-make.exe  -f CMakeFiles\cmTC_d7140.dir\build.make CMakeFiles/cmTC_d7140.dir/build
mingw32-make.exe[1]: Entering directory 'E:/tools/vscodium-portable/data/appdata/BiFu/BiiiSerial/lib/src/native/c/build/CMakeFiles/CMakeTmp'
Building C object CMakeFiles/cmTC_d7140.dir/testCCompiler.c.obj
C:\PROGRA~2\MICROS~2\2019\COMMUN~1\VC\Tools\MSVC\1425~1.286\bin\Hostx64\x64\cl.exe  /nologo   /DWIN32 /D_WINDOWS /W3  /MDd /Zi /Ob0 /Od /RTC1   /FoCMakeFiles\cmTC_d7140.dir\testCCompiler.c.obj /FdCMakeFiles\cmTC_d7140.dir/ /FS -c E:\tools\vscodium-portable\data\appdata\BiFu\BiiiSerial\lib\src\native\c\build\CMakeFiles\CMakeTmp\testCCompiler.c
testCCompiler.c
Linking C executable cmTC_d7140.exe
"C:\Program Files\CMake\bin\cmake.exe" -E cmake_link_script CMakeFiles\cmTC_d7140.dir\link.txt --verbose=1
"C:\Program Files\CMake\bin\cmake.exe" -E vs_link_exe --intdir=CMakeFiles\cmTC_d7140.dir --rc=C:\PROGRA~2\WI3CF2~1\10\bin\100183~1.0\x64\rc.exe --mt=C:\PROGRA~2\WI3CF2~1\10\bin\100183~1.0\x64\mt.exe --manifests  -- C:\PROGRA~2\MICROS~2\2019\COMMUN~1\VC\Tools\MSVC\1425~1.286\bin\Hostx64\x64\link.exe /nologo @CMakeFiles\cmTC_d7140.dir\objects1.rsp  /out:cmTC_d7140.exe /implib:cmTC_d7140.lib /pdb:E:\tools\vscodium-portable\data\appdata\BiFu\BiiiSerial\lib\src\native\c\build\CMakeFiles\CMakeTmp\cmTC_d7140.pdb /version:0.0  /machine:x64  /debug /INCREMENTAL /subsystem:console  kernel32.lib user32.lib gdi32.lib winspool.lib shell32.lib ole32.lib oleaut32.lib uuid.lib comdlg32.lib advapi32.lib 
mingw32-make.exe[1]: Leaving directory 'E:/tools/vscodium-portable/data/appdata/BiFu/BiiiSerial/lib/src/native/c/build/CMakeFiles/CMakeTmp'



Detecting C compiler ABI info compiled with the following output:
Change Dir: E:/tools/vscodium-portable/data/appdata/BiFu/BiiiSerial/lib/src/native/c/build/CMakeFiles/CMakeTmp

Run Build Command(s):C:/MinGW/bin/mingw32-make.exe cmTC_47ee2/fast && C:/MinGW/bin/mingw32-make.exe  -f CMakeFiles\cmTC_47ee2.dir\build.make CMakeFiles/cmTC_47ee2.dir/build
mingw32-make.exe[1]: Entering directory 'E:/tools/vscodium-portable/data/appdata/BiFu/BiiiSerial/lib/src/native/c/build/CMakeFiles/CMakeTmp'
Building C object CMakeFiles/cmTC_47ee2.dir/CMakeCCompilerABI.c.obj
C:\PROGRA~2\MICROS~2\2019\COMMUN~1\VC\Tools\MSVC\1425~1.286\bin\Hostx64\x64\cl.exe  /nologo   /DWIN32 /D_WINDOWS /W3  /MDd /Zi /Ob0 /Od /RTC1   /FoCMakeFiles\cmTC_47ee2.dir\CMakeCCompilerABI.c.obj /FdCMakeFiles\cmTC_47ee2.dir/ /FS -c "C:\Program Files\CMake\share\cmake-3.17\Modules\CMakeCCompilerABI.c"
CMakeCCompilerABI.c
Linking C executable cmTC_47ee2.exe
"C:\Program Files\CMake\bin\cmake.exe" -E cmake_link_script CMakeFiles\cmTC_47ee2.dir\link.txt --verbose=1
"C:\Program Files\CMake\bin\cmake.exe" -E vs_link_exe --intdir=CMakeFiles\cmTC_47ee2.dir --rc=C:\PROGRA~2\WI3CF2~1\10\bin\100183~1.0\x64\rc.exe --mt=C:\PROGRA~2\WI3CF2~1\10\bin\100183~1.0\x64\mt.exe --manifests  -- C:\PROGRA~2\MICROS~2\2019\COMMUN~1\VC\Tools\MSVC\1425~1.286\bin\Hostx64\x64\link.exe /nologo @CMakeFiles\cmTC_47ee2.dir\objects1.rsp  /out:cmTC_47ee2.exe /implib:cmTC_47ee2.lib /pdb:E:\tools\vscodium-portable\data\appdata\BiFu\BiiiSerial\lib\src\native\c\build\CMakeFiles\CMakeTmp\cmTC_47ee2.pdb /version:0.0  /machine:x64  /debug /INCREMENTAL /subsystem:console  kernel32.lib user32.lib gdi32.lib winspool.lib shell32.lib ole32.lib oleaut32.lib uuid.lib comdlg32.lib advapi32.lib 
mingw32-make.exe[1]: Leaving directory 'E:/tools/vscodium-portable/data/appdata/BiFu/BiiiSerial/lib/src/native/c/build/CMakeFiles/CMakeTmp'



